<?xml version="1.0" encoding="UTF-8"?>
<testsuite xmlns:xsi="http://www.w3.org/2001/XMLSchema-instance" xsi:noNamespaceSchemaLocation="https://maven.apache.org/surefire/maven-surefire-plugin/xsd/surefire-test-report.xsd" name="CourierTest" time="7.186" tests="8" errors="0" skipped="0" failures="3">
  <properties>
[...]
</properties>
  <testcase name="shouldCreationCourierNoPassword" classname="CourierTest" time="3.562"/>
  <testcase name="shouldCreatingCourierWithValidData" classname="CourierTest" time="0.5"/>
  <testcase name="shouldCreationCourierBlankFieldFirstName" classname="CourierTest" time="0.525">
    <failure message="1 expectation failed.&#10;Expected status code &lt;400&gt; but was &lt;201&gt;.&#10;" type="java.lang.AssertionError"><![CDATA[java.lang.AssertionError: 
1 expectation failed.
Expected status code <400> but was <201>.

	at CourierTest.shouldCreationCourierBlankFieldFirstName(CourierTest.java:67)
]]></failure>
    <system-out><![CDATA[Request method:	POST
Request URI:	https://qa-scooter.praktikum-services.ru/api/v1/courier/
Proxy:			<none>
Request params:	<none>
Query params:	<none>
Form params:	<none>
Path params:	<none>
Headers:		Accept=*/*
				Content-Type=application/json
Cookies:		<none>
Multiparts:		<none>
Body:
{
    "login": "Monika",
    "password": "5436F5F08",
    "firstName": ""
}
HTTP/1.1 201 Created
Access-Control-Allow-Origin: *
Content-Length: 11
Content-Type: application/json; charset=utf-8
Date: Thu, 13 Oct 2022 19:52:01 GMT
ETag: W/"b-Ai2R8hgEarLmHKwesT1qcY913ys"
Set-Cookie: _yasc=DGb5gzQTvPG4JhYCqkPDrlv4M5ZrYr1kT85FdwLp/K1KVa5SVgadsNauaOEh; domain=.praktikum-services.ru; path=/; expires=Sun, 10-Oct-2032 19:52:01 GMT; secure
X-Powered-By: Express
X-Request-Id: 1665690721708559-7476820077555737348

{
    "ok": true
}
Request method:	DELETE
Request URI:	https://qa-scooter.praktikum-services.ru/api/v1/courier/courierId
Proxy:			<none>
Request params:	<none>
Query params:	<none>
Form params:	<none>
Path params:	<none>
Headers:		Accept=*/*
				Content-Type=application/json
Cookies:		<none>
Multiparts:		<none>
Body:			<none>
Request method:	DELETE
Request URI:	https://qa-scooter.praktikum-services.ru/api/v1/courier/courierId
Proxy:			<none>
Request params:	<none>
Query params:	<none>
Form params:	<none>
Path params:	<none>
Headers:		Accept=*/*
				Content-Type=application/json
Cookies:		<none>
Multiparts:		<none>
Body:			<none>
HTTP/1.1 500 Internal Server Error
Access-Control-Allow-Origin: *
Content-Length: 77
Content-Type: application/json; charset=utf-8
Date: Thu, 13 Oct 2022 19:52:02 GMT
ETag: W/"4d-METW6/zZuMgmSa2Lo2TVP1DMcbg"
Set-Cookie: _yasc=uosoJP+V4mLYuvEuB6CwNAop2iAIS4Msd1tC6NV3q8qW2qhm2EVJWCKpGuE=; domain=.praktikum-services.ru; path=/; expires=Sun, 10-Oct-2032 19:52:02 GMT; secure
X-Powered-By: Express
X-Request-Id: 1665690722010457-9259628280034343476

{
    "code": 500,
    "message": "invalid input syntax for type integer: \"courierId\""
}
]]></system-out>
  </testcase>
  <testcase name="shouldCreationCourierNoLogin" classname="CourierTest" time="0.511"/>
  <testcase name="shouldCreationCourierBlankFieldsLogin" classname="CourierTest" time="0.406"/>
  <testcase name="shouldCreationCourierNoFirstName" classname="CourierTest" time="0.424">
    <failure message="1 expectation failed.&#10;Expected status code &lt;400&gt; but was &lt;201&gt;.&#10;" type="java.lang.AssertionError"><![CDATA[java.lang.AssertionError: 
1 expectation failed.
Expected status code <400> but was <201>.

	at CourierTest.shouldCreationCourierNoFirstName(CourierTest.java:56)
]]></failure>
    <system-out><![CDATA[Request method:	POST
Request URI:	https://qa-scooter.praktikum-services.ru/api/v1/courier/
Proxy:			<none>
Request params:	<none>
Query params:	<none>
Form params:	<none>
Path params:	<none>
Headers:		Accept=*/*
				Content-Type=application/json
Cookies:		<none>
Multiparts:		<none>
Body:
{
    "login": "Roxana",
    "password": "E15AF2B85",
    "firstName": null
}
HTTP/1.1 201 Created
Access-Control-Allow-Origin: *
Content-Length: 11
Content-Type: application/json; charset=utf-8
Date: Thu, 13 Oct 2022 19:52:03 GMT
ETag: W/"b-Ai2R8hgEarLmHKwesT1qcY913ys"
Set-Cookie: _yasc=XB8ABOximOYD8z7WBEQodT432kOcS0L0Pk9YG4C8tpRLN2rPzSKBMp/N246g; domain=.praktikum-services.ru; path=/; expires=Sun, 10-Oct-2032 19:52:03 GMT; secure
X-Powered-By: Express
X-Request-Id: 1665690723118878-17834999662346449069

{
    "ok": true
}
Request method:	DELETE
Request URI:	https://qa-scooter.praktikum-services.ru/api/v1/courier/courierId
Proxy:			<none>
Request params:	<none>
Query params:	<none>
Form params:	<none>
Path params:	<none>
Headers:		Accept=*/*
				Content-Type=application/json
Cookies:		<none>
Multiparts:		<none>
Body:			<none>
Request method:	DELETE
Request URI:	https://qa-scooter.praktikum-services.ru/api/v1/courier/courierId
Proxy:			<none>
Request params:	<none>
Query params:	<none>
Form params:	<none>
Path params:	<none>
Headers:		Accept=*/*
				Content-Type=application/json
Cookies:		<none>
Multiparts:		<none>
Body:			<none>
HTTP/1.1 500 Internal Server Error
Access-Control-Allow-Origin: *
Content-Length: 77
Content-Type: application/json; charset=utf-8
Date: Thu, 13 Oct 2022 19:52:03 GMT
ETag: W/"4d-METW6/zZuMgmSa2Lo2TVP1DMcbg"
Set-Cookie: _yasc=b/MVRc9UFkNPwsQkhHU9fRQAwvoxYxSQsJVEXng59h4HTYzpMzQRjNY0+Yku; domain=.praktikum-services.ru; path=/; expires=Sun, 10-Oct-2032 19:52:03 GMT; secure
X-Powered-By: Express
X-Request-Id: 1665690723358842-8048314903228454348

{
    "code": 500,
    "message": "invalid input syntax for type integer: \"courierId\""
}
]]></system-out>
  </testcase>
  <testcase name="shouldCreationCourierBlankFieldsPassword" classname="CourierTest" time="0.514"/>
  <testcase name="shouldCreationCourierExistingFieldLogin" classname="CourierTest" time="0.688">
    <failure message="1 expectation failed.&#10;JSON path message doesn&apos;t match.&#10;Expected: is &quot;Этот логин уже используется&quot;&#10;  Actual: Этот логин уже используется. Попробуйте другой.&#10;" type="java.lang.AssertionError">java.lang.AssertionError: 
1 expectation failed.
JSON path message doesn't match.
Expected: is "Этот логин уже используется"
  Actual: Этот логин уже используется. Попробуйте другой.

	at CourierTest.shouldCreationCourierExistingFieldLogin(CourierTest.java:122)
</failure>
    <system-out><![CDATA[Request method:	POST
Request URI:	https://qa-scooter.praktikum-services.ru/api/v1/courier/
Proxy:			<none>
Request params:	<none>
Query params:	<none>
Form params:	<none>
Path params:	<none>
Headers:		Accept=*/*
				Content-Type=application/json
Cookies:		<none>
Multiparts:		<none>
Body:
{
    "login": "Ivan",
    "password": "123456",
    "firstName": "Robin"
}
HTTP/1.1 409 Conflict
Access-Control-Allow-Origin: *
Content-Length: 112
Content-Type: application/json; charset=utf-8
Date: Thu, 13 Oct 2022 19:52:04 GMT
ETag: W/"70-sLG1ZktNk+Ab3iaKUMwxkdL4FJo"
Set-Cookie: _yasc=q4pIMgl7lR7Gflo+bOwETYfMQYew9fFir3pOdz059BWBj+sUmQ4jRHXfepo=; domain=.praktikum-services.ru; path=/; expires=Sun, 10-Oct-2032 19:52:04 GMT; secure
X-Powered-By: Express
X-Request-Id: 1665690724083185-3355923175692329029

{
    "code": 409,
    "message": "Этот логин уже используется. Попробуйте другой."
}
Request method:	POST
Request URI:	https://qa-scooter.praktikum-services.ru/api/v1/courier/
Proxy:			<none>
Request params:	<none>
Query params:	<none>
Form params:	<none>
Path params:	<none>
Headers:		Accept=*/*
				Content-Type=application/json
Cookies:		<none>
Multiparts:		<none>
Body:
{
    "login": "Ivan",
    "password": "123456",
    "firstName": "Batman"
}
HTTP/1.1 409 Conflict
Access-Control-Allow-Origin: *
Content-Length: 112
Content-Type: application/json; charset=utf-8
Date: Thu, 13 Oct 2022 19:52:04 GMT
ETag: W/"70-sLG1ZktNk+Ab3iaKUMwxkdL4FJo"
Set-Cookie: _yasc=hASZB4IuFHqZz+BOsmu7WyUzXNH/KXQSYG8arfF/dhVJe1UpUJhhPNG+atQf; domain=.praktikum-services.ru; path=/; expires=Sun, 10-Oct-2032 19:52:04 GMT; secure
X-Powered-By: Express
X-Request-Id: 1665690724319788-11546211454816765101

{
    "code": 409,
    "message": "Этот логин уже используется. Попробуйте другой."
}
Request method:	DELETE
Request URI:	https://qa-scooter.praktikum-services.ru/api/v1/courier/courierId
Proxy:			<none>
Request params:	<none>
Query params:	<none>
Form params:	<none>
Path params:	<none>
Headers:		Accept=*/*
				Content-Type=application/json
Cookies:		<none>
Multiparts:		<none>
Body:			<none>
Request method:	DELETE
Request URI:	https://qa-scooter.praktikum-services.ru/api/v1/courier/courierId
Proxy:			<none>
Request params:	<none>
Query params:	<none>
Form params:	<none>
Path params:	<none>
Headers:		Accept=*/*
				Content-Type=application/json
Cookies:		<none>
Multiparts:		<none>
Body:			<none>
HTTP/1.1 500 Internal Server Error
Access-Control-Allow-Origin: *
Content-Length: 77
Content-Type: application/json; charset=utf-8
Date: Thu, 13 Oct 2022 19:52:04 GMT
ETag: W/"4d-METW6/zZuMgmSa2Lo2TVP1DMcbg"
Set-Cookie: _yasc=pxrNF73lWEOd2UDT1ZtUvXmntWPKMxaYO+mlbkKfWOlPHpYwzVJm7m0Vs0JP; domain=.praktikum-services.ru; path=/; expires=Sun, 10-Oct-2032 19:52:04 GMT; secure
X-Powered-By: Express
X-Request-Id: 1665690724521810-17112973982088824828

{
    "code": 500,
    "message": "invalid input syntax for type integer: \"courierId\""
}
]]></system-out>
  </testcase>
</testsuite>