<?xml version="1.0" encoding="UTF-8"?>
<testsuite xmlns:xsi="http://www.w3.org/2001/XMLSchema-instance" xsi:noNamespaceSchemaLocation="https://maven.apache.org/surefire/maven-surefire-plugin/xsd/surefire-test-report.xsd" name="LoginTest" time="63.137" tests="5" errors="0" skipped="0" failures="1">
  <properties>
[...]
</properties>
  <testcase name="shouldLoginCourier" classname="LoginTest" time="0.027"/>
  <testcase name="shouldCourierLoginWithoutPasswordField" classname="LoginTest" time="60.805">
    <failure message="1 expectation failed.&#10;Expected status code &lt;400&gt; but was &lt;504&gt;.&#10;" type="java.lang.AssertionError"><![CDATA[java.lang.AssertionError: 
1 expectation failed.
Expected status code <400> but was <504>.

	at LoginTest.shouldCourierLoginWithoutPasswordField(LoginTest.java:74)
]]></failure>
    <system-out><![CDATA[Request method:	POST
Request URI:	https://qa-scooter.praktikum-services.ru/api/v1/courier/
Proxy:			<none>
Request params:	<none>
Query params:	<none>
Form params:	<none>
Path params:	<none>
Headers:		Accept=*/*
				Content-Type=application/json
Cookies:		<none>
Multiparts:		<none>
Body:
{
    "login": "Moshe",
    "password": "1A836F49C",
    "firstName": "Steven"
}
HTTP/1.1 201 Created
Access-Control-Allow-Origin: *
Content-Length: 11
Content-Type: application/json; charset=utf-8
Date: Thu, 13 Oct 2022 19:52:09 GMT
ETag: W/"b-Ai2R8hgEarLmHKwesT1qcY913ys"
Set-Cookie: _yasc=y1jEBheFlDixEwitDXiUrDZo059pkmZ0N30xvj3erMfPpmyaQwWdOlgpmKPw; domain=.praktikum-services.ru; path=/; expires=Sun, 10-Oct-2032 19:52:08 GMT; secure
X-Powered-By: Express
X-Request-Id: 1665690728992827-913792695346161452

{
    "ok": true
}
Request method:	POST
Request URI:	https://qa-scooter.praktikum-services.ru/api/v1/courier/login
Proxy:			<none>
Request params:	<none>
Query params:	<none>
Form params:	<none>
Path params:	<none>
Headers:		Accept=*/*
				Content-Type=application/json
Cookies:		<none>
Multiparts:		<none>
Body:
{
    "login": "Moshe",
    "password": null
}
Request method:	POST
Request URI:	https://qa-scooter.praktikum-services.ru/api/v1/courier/login
Proxy:			<none>
Request params:	<none>
Query params:	<none>
Form params:	<none>
Path params:	<none>
Headers:		Accept=*/*
				Content-Type=application/json
Cookies:		<none>
Multiparts:		<none>
Body:
{
    "login": "Moshe",
    "password": null
}
HTTP/1.1 504 Gateway time out
Content-Length: 19
Set-Cookie: _yasc=OD3otk04QWmH2+HE/xyGAUeD4O24++j89vMSh4ADgqFvyrD14OijTHTzl3zn; domain=.praktikum-services.ru; path=/; expires=Sun, 10-Oct-2032 19:52:09 GMT; secure
X-Request-Id: 1665690729189252-17576427833303218663

Service unavailable
Request method:	DELETE
Request URI:	https://qa-scooter.praktikum-services.ru/api/v1/courier/courierId
Proxy:			<none>
Request params:	<none>
Query params:	<none>
Form params:	<none>
Path params:	<none>
Headers:		Accept=*/*
				Content-Type=application/json
Cookies:		<none>
Multiparts:		<none>
Body:			<none>
Request method:	DELETE
Request URI:	https://qa-scooter.praktikum-services.ru/api/v1/courier/courierId
Proxy:			<none>
Request params:	<none>
Query params:	<none>
Form params:	<none>
Path params:	<none>
Headers:		Accept=*/*
				Content-Type=application/json
Cookies:		<none>
Multiparts:		<none>
Body:			<none>
HTTP/1.1 500 Internal Server Error
Access-Control-Allow-Origin: *
Content-Length: 77
Content-Type: application/json; charset=utf-8
Date: Thu, 13 Oct 2022 19:53:09 GMT
ETag: W/"4d-METW6/zZuMgmSa2Lo2TVP1DMcbg"
Set-Cookie: _yasc=47kRknppJdBdEeIkjiQ2OVuCc5sWRW72p/fAEPmVdI9jbQCo7Iy/W7Z8ad3Y; domain=.praktikum-services.ru; path=/; expires=Sun, 10-Oct-2032 19:53:09 GMT; secure
X-Powered-By: Express
X-Request-Id: 1665690789653223-4770480496295714801

{
    "code": 500,
    "message": "invalid input syntax for type integer: \"courierId\""
}
]]></system-out>
  </testcase>
  <testcase name="shouldCourierLoginWithoutLoginField" classname="LoginTest" time="0.664"/>
  <testcase name="shouldNotPasswordCourier" classname="LoginTest" time="0.934"/>
  <testcase name="shouldNotLoginCourier" classname="LoginTest" time="0.706"/>
</testsuite>